<?xml version="1.0" encoding="UTF-8"?>
<testng-results skipped="1" failed="1" ignored="0" total="3" passed="1">
  <reporter-output>
  </reporter-output>
  <suite name="Suite" duration-ms="25132" started-at="2022-03-15T22:43:37 IST" finished-at="2022-03-15T22:44:02 IST">
    <groups>
    </groups>
    <test name="Test" duration-ms="25132" started-at="2022-03-15T22:43:37 IST" finished-at="2022-03-15T22:44:02 IST">
      <class name="report.TestRun">
        <test-method status="PASS" signature="configBS()[pri:0, instance:report.TestRun@7ed7259e]" name="configBS" is-config="true" duration-ms="14" started-at="2022-03-15T22:43:37 IST" finished-at="2022-03-15T22:43:37 IST">
          <reporter-output>
          </reporter-output>
        </test-method> <!-- configBS -->
        <test-method status="PASS" signature="launchBrowser()[pri:0, instance:report.TestRun@7ed7259e]" name="launchBrowser" is-config="true" duration-ms="4668" started-at="2022-03-15T22:43:37 IST" finished-at="2022-03-15T22:43:42 IST">
          <reporter-output>
          </reporter-output>
        </test-method> <!-- launchBrowser -->
        <test-method status="PASS" signature="login()[pri:0, instance:report.TestRun@7ed7259e]" name="login" is-config="true" duration-ms="2407" started-at="2022-03-15T22:43:42 IST" finished-at="2022-03-15T22:43:44 IST">
          <reporter-output>
          </reporter-output>
        </test-method> <!-- login -->
        <test-method status="PASS" signature="test1()[pri:0, instance:report.TestRun@7ed7259e]" name="test1" duration-ms="3559" started-at="2022-03-15T22:43:44 IST" finished-at="2022-03-15T22:43:48 IST">
          <reporter-output>
          </reporter-output>
        </test-method> <!-- test1 -->
        <test-method status="PASS" signature="logOut()[pri:0, instance:report.TestRun@7ed7259e]" name="logOut" is-config="true" duration-ms="2207" started-at="2022-03-15T22:43:48 IST" finished-at="2022-03-15T22:43:50 IST">
          <reporter-output>
          </reporter-output>
        </test-method> <!-- logOut -->
        <test-method status="PASS" signature="login()[pri:0, instance:report.TestRun@7ed7259e]" name="login" is-config="true" duration-ms="2082" started-at="2022-03-15T22:43:50 IST" finished-at="2022-03-15T22:43:52 IST">
          <reporter-output>
          </reporter-output>
        </test-method> <!-- login -->
        <test-method status="FAIL" signature="test2()[pri:0, instance:report.TestRun@7ed7259e]" name="test2" duration-ms="9" started-at="2022-03-15T22:43:52 IST" finished-at="2022-03-15T22:43:52 IST">
          <exception class="java.lang.AssertionError">
            <message>
              <![CDATA[null]]>
            </message>
            <full-stacktrace>
              <![CDATA[java.lang.AssertionError: null
at org.testng.Assert.fail(Assert.java:99)
at org.testng.Assert.fail(Assert.java:106)
at report.TestRun.test2(TestRun.java:33)
at sun.reflect.NativeMethodAccessorImpl.invoke0(Native Method)
at sun.reflect.NativeMethodAccessorImpl.invoke(NativeMethodAccessorImpl.java:62)
at sun.reflect.DelegatingMethodAccessorImpl.invoke(DelegatingMethodAccessorImpl.java:43)
at java.lang.reflect.Method.invoke(Method.java:498)
at org.testng.internal.MethodInvocationHelper.invokeMethod(MethodInvocationHelper.java:133)
at org.testng.internal.TestInvoker.invokeMethod(TestInvoker.java:598)
at org.testng.internal.TestInvoker.invokeTestMethod(TestInvoker.java:173)
at org.testng.internal.MethodRunner.runInSequence(MethodRunner.java:46)
at org.testng.internal.TestInvoker$MethodInvocationAgent.invoke(TestInvoker.java:824)
at org.testng.internal.TestInvoker.invokeTestMethods(TestInvoker.java:146)
at org.testng.internal.TestMethodWorker.invokeTestMethods(TestMethodWorker.java:146)
at org.testng.internal.TestMethodWorker.run(TestMethodWorker.java:128)
at java.util.ArrayList.forEach(ArrayList.java:1257)
at org.testng.TestRunner.privateRun(TestRunner.java:794)
at org.testng.TestRunner.run(TestRunner.java:596)
at org.testng.SuiteRunner.runTest(SuiteRunner.java:377)
at org.testng.SuiteRunner.runSequentially(SuiteRunner.java:371)
at org.testng.SuiteRunner.privateRun(SuiteRunner.java:332)
at org.testng.SuiteRunner.run(SuiteRunner.java:276)
at org.testng.SuiteRunnerWorker.runSuite(SuiteRunnerWorker.java:53)
at org.testng.SuiteRunnerWorker.run(SuiteRunnerWorker.java:96)
at org.testng.TestNG.runSuitesSequentially(TestNG.java:1212)
at org.testng.TestNG.runSuitesLocally(TestNG.java:1134)
at org.testng.TestNG.runSuites(TestNG.java:1063)
at org.testng.TestNG.run(TestNG.java:1031)
at org.testng.remote.AbstractRemoteTestNG.run(AbstractRemoteTestNG.java:115)
at org.testng.remote.RemoteTestNG.initAndRun(RemoteTestNG.java:251)
at org.testng.remote.RemoteTestNG.main(RemoteTestNG.java:77)
]]>
            </full-stacktrace>
          </exception> <!-- java.lang.AssertionError -->
          <reporter-output>
          </reporter-output>
        </test-method> <!-- test2 -->
        <test-method status="PASS" signature="logOut()[pri:0, instance:report.TestRun@7ed7259e]" name="logOut" is-config="true" duration-ms="2614" started-at="2022-03-15T22:43:53 IST" finished-at="2022-03-15T22:43:55 IST">
          <reporter-output>
          </reporter-output>
        </test-method> <!-- logOut -->
        <test-method status="PASS" signature="login()[pri:0, instance:report.TestRun@7ed7259e]" name="login" is-config="true" duration-ms="1780" started-at="2022-03-15T22:43:55 IST" finished-at="2022-03-15T22:43:57 IST">
          <reporter-output>
          </reporter-output>
        </test-method> <!-- login -->
        <test-method status="SKIP" signature="test3()[pri:0, instance:report.TestRun@7ed7259e]" name="test3" duration-ms="4" started-at="2022-03-15T22:43:57 IST" finished-at="2022-03-15T22:43:57 IST">
          <exception class="org.testng.SkipException">
            <message>
              <![CDATA[Test3 got skipped]]>
            </message>
            <full-stacktrace>
              <![CDATA[org.testng.SkipException: Test3 got skipped
at report.TestRun.test3(TestRun.java:39)
at sun.reflect.NativeMethodAccessorImpl.invoke0(Native Method)
at sun.reflect.NativeMethodAccessorImpl.invoke(NativeMethodAccessorImpl.java:62)
at sun.reflect.DelegatingMethodAccessorImpl.invoke(DelegatingMethodAccessorImpl.java:43)
at java.lang.reflect.Method.invoke(Method.java:498)
at org.testng.internal.MethodInvocationHelper.invokeMethod(MethodInvocationHelper.java:133)
at org.testng.internal.TestInvoker.invokeMethod(TestInvoker.java:598)
at org.testng.internal.TestInvoker.invokeTestMethod(TestInvoker.java:173)
at org.testng.internal.MethodRunner.runInSequence(MethodRunner.java:46)
at org.testng.internal.TestInvoker$MethodInvocationAgent.invoke(TestInvoker.java:824)
at org.testng.internal.TestInvoker.invokeTestMethods(TestInvoker.java:146)
at org.testng.internal.TestMethodWorker.invokeTestMethods(TestMethodWorker.java:146)
at org.testng.internal.TestMethodWorker.run(TestMethodWorker.java:128)
at java.util.ArrayList.forEach(ArrayList.java:1257)
at org.testng.TestRunner.privateRun(TestRunner.java:794)
at org.testng.TestRunner.run(TestRunner.java:596)
at org.testng.SuiteRunner.runTest(SuiteRunner.java:377)
at org.testng.SuiteRunner.runSequentially(SuiteRunner.java:371)
at org.testng.SuiteRunner.privateRun(SuiteRunner.java:332)
at org.testng.SuiteRunner.run(SuiteRunner.java:276)
at org.testng.SuiteRunnerWorker.runSuite(SuiteRunnerWorker.java:53)
at org.testng.SuiteRunnerWorker.run(SuiteRunnerWorker.java:96)
at org.testng.TestNG.runSuitesSequentially(TestNG.java:1212)
at org.testng.TestNG.runSuitesLocally(TestNG.java:1134)
at org.testng.TestNG.runSuites(TestNG.java:1063)
at org.testng.TestNG.run(TestNG.java:1031)
at org.testng.remote.AbstractRemoteTestNG.run(AbstractRemoteTestNG.java:115)
at org.testng.remote.RemoteTestNG.initAndRun(RemoteTestNG.java:251)
at org.testng.remote.RemoteTestNG.main(RemoteTestNG.java:77)
]]>
            </full-stacktrace>
          </exception> <!-- org.testng.SkipException -->
          <reporter-output>
          </reporter-output>
        </test-method> <!-- test3 -->
        <test-method status="PASS" signature="logOut()[pri:0, instance:report.TestRun@7ed7259e]" name="logOut" is-config="true" duration-ms="3389" started-at="2022-03-15T22:43:57 IST" finished-at="2022-03-15T22:44:00 IST">
          <reporter-output>
          </reporter-output>
        </test-method> <!-- logOut -->
        <test-method status="PASS" signature="quitBrowser()[pri:0, instance:report.TestRun@7ed7259e]" name="quitBrowser" is-config="true" duration-ms="1821" started-at="2022-03-15T22:44:00 IST" finished-at="2022-03-15T22:44:02 IST">
          <reporter-output>
          </reporter-output>
        </test-method> <!-- quitBrowser -->
        <test-method status="PASS" signature="configAS()[pri:0, instance:report.TestRun@7ed7259e]" name="configAS" is-config="true" duration-ms="0" started-at="2022-03-15T22:44:03 IST" finished-at="2022-03-15T22:44:03 IST">
          <reporter-output>
          </reporter-output>
        </test-method> <!-- configAS -->
      </class> <!-- report.TestRun -->
    </test> <!-- Test -->
  </suite> <!-- Suite -->
</testng-results>
